Сборка начата 15.12.2024 17:32:41.
Уровень детализации журнала: Normal.     1>Проект "D:\study(3sem)\LDV-2024\LDV-2024\ASM\ASM.vcxproj" в узле 2 (целевые объекты Build).
     1>InitializeBuildStatus:
         Создание "Debug\ASM.tlog\unsuccessfulbuild", так как было задано "AlwaysCreate".
         Обращение к "Debug\ASM.tlog\unsuccessfulbuild".
       _MASM:
         Assembling Asm.asm...
         cmd.exe /C "C:\Users\Dashka Poop\AppData\Local\Temp\tmp167c2e29ddb142d18c0c4ec3d51f81db.cmd"
         ml.exe /c /nologo /Zi /Fo"Debug\Asm.obj" /Fl"Debug\\" /W3 /errorReport:prompt  /TaAsm.asm
       Link:
         C:\Program Files\Microsoft Visual Studio\2022\Community\VC\Tools\MSVC\14.37.32822\bin\HostX86\x86\link.exe /ERRORREPORT:PROMPT /OUT:"D:\study(3sem)\LDV-2024\LDV-2024\Debug\ASM.exe" /INCREMENTAL /ILK:"Debug\ASM.ilk" /NOLOGO kernel32.lib user32.lib gdi32.lib winspool.lib comdlg32.lib advapi32.lib shell32.lib ole32.lib oleaut32.lib uuid.lib odbc32.lib odbccp32.lib /MANIFEST /MANIFESTUAC:"level='asInvoker' uiAccess='false'" /manifest:embed /DEBUG /PDB:"D:\study(3sem)\LDV-2024\LDV-2024\Debug\ASM.pdb" /SUBSYSTEM:CONSOLE /TLBID:1 /DYNAMICBASE /NXCOMPAT /IMPLIB:"D:\study(3sem)\LDV-2024\LDV-2024\Debug\ASM.lib" /MACHINE:X86 Debug\Asm.obj
         ASM.vcxproj -> D:\study(3sem)\LDV-2024\LDV-2024\Debug\ASM.exe
       FinalizeBuildStatus:
         Файл "Debug\ASM.tlog\unsuccessfulbuild" удаляется.
         Обращение к "Debug\ASM.tlog\ASM.lastbuildstate".
     1>Сборка проекта "D:\study(3sem)\LDV-2024\LDV-2024\ASM\ASM.vcxproj" завершена (целевые объекты Build).

Сборка успешно завершена.
    Предупреждений: 0
    Ошибок: 0

Прошло времени 00:00:00.90
