Сборка начата 15.12.2024 17:16:58.
Уровень детализации журнала: Normal.     1>Проект "D:\study(3sem)\LDV-2024\LDV-2024\LDV-2024\LDV-2024.vcxproj" в узле 2 (целевые объекты Rebuild).
     1>_PrepareForClean:
         Файл "Debug\LDV-2024.tlog\LDV-2024.lastbuildstate" удаляется.
       InitializeBuildStatus:
         Создание "Debug\LDV-2024.tlog\unsuccessfulbuild", так как было задано "AlwaysCreate".
         Обращение к "Debug\LDV-2024.tlog\unsuccessfulbuild".
       ClCompile:
         C:\Program Files\Microsoft Visual Studio\2022\Community\VC\Tools\MSVC\14.37.32822\bin\HostX86\x86\CL.exe /c /ZI /JMC /nologo /W3 /WX- /diagnostics:column /sdl /Od /Oy- /D WIN32 /D _DEBUG /D _CONSOLE /D _UNICODE /D UNICODE /Gm- /EHsc /RTC1 /MDd /GS /fp:precise /Zc:wchar_t /Zc:forScope /Zc:inline /permissive- /Fo"Debug\\" /Fd"Debug\vc143.pdb" /external:W3 /Gd /TP /analyze- /FC /errorReport:prompt Error.cpp FST.cpp Generation.cpp Greibach.cpp In.cpp IT.cpp "LDV-2024.cpp" Lex.cpp Log.cpp LT.cpp MFST.cpp Parm.cpp PN.cpp Sem.cpp
         Error.cpp
         FST.cpp
         Generation.cpp
         Greibach.cpp
         In.cpp
         IT.cpp
         LDV-2024.cpp
     1>D:\study(3sem)\LDV-2024\LDV-2024\LDV-2024\LDV-2024.cpp(84,22): warning C4101: e: неиспользованная локальная переменная
         Lex.cpp
     1>D:\study(3sem)\LDV-2024\LDV-2024\LDV-2024\Lex.cpp(697,14): warning C4244: =: преобразование "double" в "int", возможна потеря данных
         Log.cpp
         LT.cpp
         MFST.cpp
     1>D:\study(3sem)\LDV-2024\LDV-2024\LDV-2024\MFST.cpp(264,66): warning C4267: =: преобразование из "size_t" в "short"; возможна потеря данных
         Parm.cpp
         PN.cpp
         Sem.cpp
         Создание кода...
       Link:
         C:\Program Files\Microsoft Visual Studio\2022\Community\VC\Tools\MSVC\14.37.32822\bin\HostX86\x86\link.exe /ERRORREPORT:PROMPT /OUT:"D:\study(3sem)\LDV-2024\LDV-2024\Debug\LDV-2024.exe" /INCREMENTAL /ILK:"Debug\LDV-2024.ilk" /NOLOGO kernel32.lib user32.lib gdi32.lib winspool.lib comdlg32.lib advapi32.lib shell32.lib ole32.lib oleaut32.lib uuid.lib odbc32.lib odbccp32.lib /MANIFEST /MANIFESTUAC:"level='asInvoker' uiAccess='false'" /manifest:embed /DEBUG /PDB:"D:\study(3sem)\LDV-2024\LDV-2024\Debug\LDV-2024.pdb" /SUBSYSTEM:CONSOLE /TLBID:1 /DYNAMICBASE /NXCOMPAT /IMPLIB:"D:\study(3sem)\LDV-2024\LDV-2024\Debug\LDV-2024.lib" /MACHINE:X86 Debug\Error.obj
         Debug\FST.obj
         Debug\Generation.obj
         Debug\Greibach.obj
         Debug\In.obj
         Debug\IT.obj
         "Debug\LDV-2024.obj"
         Debug\Lex.obj
         Debug\Log.obj
         Debug\LT.obj
         Debug\MFST.obj
         Debug\Parm.obj
         Debug\PN.obj
         Debug\Sem.obj
         LDV-2024.vcxproj -> D:\study(3sem)\LDV-2024\LDV-2024\Debug\LDV-2024.exe
       FinalizeBuildStatus:
         Файл "Debug\LDV-2024.tlog\unsuccessfulbuild" удаляется.
         Обращение к "Debug\LDV-2024.tlog\LDV-2024.lastbuildstate".
     1>Сборка проекта "D:\study(3sem)\LDV-2024\LDV-2024\LDV-2024\LDV-2024.vcxproj" завершена (целевые объекты Rebuild).

Сборка успешно завершена.

       "D:\study(3sem)\LDV-2024\LDV-2024\LDV-2024\LDV-2024.vcxproj" (целевой объект Rebuild ) (1) ->
       (Целевой объект ClCompile) -> 
         D:\study(3sem)\LDV-2024\LDV-2024\LDV-2024\LDV-2024.cpp(84,22): warning C4101: e: неиспользованная локальная переменная
         D:\study(3sem)\LDV-2024\LDV-2024\LDV-2024\Lex.cpp(697,14): warning C4244: =: преобразование "double" в "int", возможна потеря данных
         D:\study(3sem)\LDV-2024\LDV-2024\LDV-2024\MFST.cpp(264,66): warning C4267: =: преобразование из "size_t" в "short"; возможна потеря данных

    Предупреждений: 3
    Ошибок: 0

Прошло времени 00:00:10.05
