d:\study(3sem)\ldv-2024\ldv-2024\ldv-2024\debug\vc143.pdb
d:\study(3sem)\ldv-2024\ldv-2024\ldv-2024\debug\vc143.idb
d:\study(3sem)\ldv-2024\ldv-2024\ldv-2024\debug\sem.obj
d:\study(3sem)\ldv-2024\ldv-2024\ldv-2024\debug\pn.obj
d:\study(3sem)\ldv-2024\ldv-2024\ldv-2024\debug\parm.obj
d:\study(3sem)\ldv-2024\ldv-2024\ldv-2024\debug\mfst.obj
d:\study(3sem)\ldv-2024\ldv-2024\ldv-2024\debug\lt.obj
d:\study(3sem)\ldv-2024\ldv-2024\ldv-2024\debug\log.obj
d:\study(3sem)\ldv-2024\ldv-2024\ldv-2024\debug\lex.obj
d:\study(3sem)\ldv-2024\ldv-2024\ldv-2024\debug\ldv-2024.obj
d:\study(3sem)\ldv-2024\ldv-2024\ldv-2024\debug\it.obj
d:\study(3sem)\ldv-2024\ldv-2024\ldv-2024\debug\in.obj
d:\study(3sem)\ldv-2024\ldv-2024\ldv-2024\debug\greibach.obj
d:\study(3sem)\ldv-2024\ldv-2024\ldv-2024\debug\generation.obj
d:\study(3sem)\ldv-2024\ldv-2024\ldv-2024\debug\fst.obj
d:\study(3sem)\ldv-2024\ldv-2024\ldv-2024\debug\error.obj
d:\study(3sem)\ldv-2024\ldv-2024\debug\ldv-2024.exe
d:\study(3sem)\ldv-2024\ldv-2024\ldv-2024\debug\ldv-2024.ilk
d:\study(3sem)\ldv-2024\ldv-2024\debug\ldv-2024.pdb
d:\study(3sem)\ldv-2024\ldv-2024\ldv-2024\debug\ldv-2024.tlog\cl.command.1.tlog
d:\study(3sem)\ldv-2024\ldv-2024\ldv-2024\debug\ldv-2024.tlog\cl.items.tlog
d:\study(3sem)\ldv-2024\ldv-2024\ldv-2024\debug\ldv-2024.tlog\cl.read.1.tlog
d:\study(3sem)\ldv-2024\ldv-2024\ldv-2024\debug\ldv-2024.tlog\cl.write.1.tlog
d:\study(3sem)\ldv-2024\ldv-2024\ldv-2024\debug\ldv-2024.tlog\link.command.1.tlog
d:\study(3sem)\ldv-2024\ldv-2024\ldv-2024\debug\ldv-2024.tlog\link.read.1.tlog
d:\study(3sem)\ldv-2024\ldv-2024\ldv-2024\debug\ldv-2024.tlog\link.write.1.tlog
